[2020-09-16T02:05:47.384+0000][1][gc] Using Concurrent Mark Sweep
[2020-09-16T02:05:47.385+0000][1][gc,heap,coops] Heap address: 0x00000000e0000000, size: 512 MB, Compressed Oops mode: 32-bit
[2020-09-16T02:05:47.574+0000][1][safepoint    ] Safepoint "EnableBiasedLocking", Time since last: 148383900 ns, Reaching safepoint: 120500 ns, At safepoint: 31700 ns, Total: 152200 ns
[2020-09-16T02:05:47.606+0000][1][safepoint    ] Safepoint "RevokeBias", Time since last: 30429600 ns, Reaching safepoint: 917900 ns, At safepoint: 343100 ns, Total: 1261000 ns
[2020-09-16T02:05:47.724+0000][1][safepoint    ] Safepoint "Deoptimize", Time since last: 116953000 ns, Reaching safepoint: 800200 ns, At safepoint: 26900 ns, Total: 827100 ns
[2020-09-16T02:05:48.727+0000][1][safepoint    ] Safepoint "Cleanup", Time since last: 1002082100 ns, Reaching safepoint: 571500 ns, At safepoint: 10000 ns, Total: 581500 ns
[2020-09-16T02:05:49.113+0000][1][safepoint    ] Safepoint "Deoptimize", Time since last: 386583000 ns, Reaching safepoint: 92800 ns, At safepoint: 30900 ns, Total: 123700 ns
[2020-09-16T02:05:49.585+0000][1][safepoint    ] Safepoint "Deoptimize", Time since last: 471291100 ns, Reaching safepoint: 27800 ns, At safepoint: 171800 ns, Total: 199600 ns
[2020-09-16T02:05:50.599+0000][1][safepoint    ] Safepoint "Cleanup", Time since last: 1001994000 ns, Reaching safepoint: 12668300 ns, At safepoint: 25900 ns, Total: 12694200 ns
[2020-09-16T02:05:51.602+0000][1][safepoint    ] Safepoint "Cleanup", Time since last: 1001840600 ns, Reaching safepoint: 507400 ns, At safepoint: 8200 ns, Total: 515600 ns
[2020-09-16T02:05:52.611+0000][1][safepoint    ] Safepoint "Cleanup", Time since last: 1003175700 ns, Reaching safepoint: 5458900 ns, At safepoint: 175000 ns, Total: 5633900 ns
[2020-09-16T02:05:53.613+0000][1][safepoint    ] Safepoint "Cleanup", Time since last: 1002350800 ns, Reaching safepoint: 53100 ns, At safepoint: 17300 ns, Total: 70400 ns
[2020-09-16T02:05:54.171+0000][1][safepoint    ] Safepoint "Deoptimize", Time since last: 558072300 ns, Reaching safepoint: 165000 ns, At safepoint: 94500 ns, Total: 259500 ns
[2020-09-16T02:05:54.533+0000][1][safepoint    ] Safepoint "Deoptimize", Time since last: 361603800 ns, Reaching safepoint: 402200 ns, At safepoint: 81500 ns, Total: 483700 ns
[2020-09-16T02:05:55.327+0000][1][safepoint    ] Safepoint "Deoptimize", Time since last: 792607200 ns, Reaching safepoint: 861300 ns, At safepoint: 88700 ns, Total: 950000 ns
[2020-09-16T02:05:56.357+0000][1][safepoint    ] Safepoint "Cleanup", Time since last: 1022318300 ns, Reaching safepoint: 8076400 ns, At safepoint: 10200 ns, Total: 8086600 ns
[2020-09-16T02:05:57.398+0000][1][safepoint    ] Safepoint "Cleanup", Time since last: 1040243800 ns, Reaching safepoint: 71100 ns, At safepoint: 6400 ns, Total: 77500 ns
[2020-09-16T02:05:58.408+0000][1][safepoint    ] Safepoint "Cleanup", Time since last: 1010210000 ns, Reaching safepoint: 291500 ns, At safepoint: 7900 ns, Total: 299400 ns
[2020-09-16T02:05:59.430+0000][1][safepoint    ] Safepoint "Cleanup", Time since last: 1009857400 ns, Reaching safepoint: 11865800 ns, At safepoint: 12200 ns, Total: 11878000 ns
[2020-09-16T02:06:00.438+0000][1][safepoint    ] Safepoint "Cleanup", Time since last: 1002969500 ns, Reaching safepoint: 4687900 ns, At safepoint: 8600 ns, Total: 4696500 ns
[2020-09-16T02:06:00.924+0000][1][safepoint    ] Safepoint "Deoptimize", Time since last: 483625300 ns, Reaching safepoint: 2740000 ns, At safepoint: 140600 ns, Total: 2880600 ns
[2020-09-16T02:06:01.927+0000][1][safepoint    ] Safepoint "Cleanup", Time since last: 1001043000 ns, Reaching safepoint: 2150200 ns, At safepoint: 8200 ns, Total: 2158400 ns
[2020-09-16T02:06:02.000+0000][1][safepoint    ] Safepoint "Deoptimize", Time since last: 72338600 ns, Reaching safepoint: 29300 ns, At safepoint: 281900 ns, Total: 311200 ns
[2020-09-16T02:06:03.009+0000][1][safepoint    ] Safepoint "Cleanup", Time since last: 1009289800 ns, Reaching safepoint: 30200 ns, At safepoint: 5000 ns, Total: 35200 ns
[2020-09-16T02:06:04.016+0000][1][safepoint    ] Safepoint "Cleanup", Time since last: 1006356100 ns, Reaching safepoint: 419300 ns, At safepoint: 8800 ns, Total: 428100 ns
[2020-09-16T02:06:04.305+0000][1][safepoint    ] Safepoint "RevokeBias", Time since last: 277034400 ns, Reaching safepoint: 98400 ns, At safepoint: 11687200 ns, Total: 11785600 ns
[2020-09-16T02:06:05.332+0000][1][safepoint    ] Safepoint "Cleanup", Time since last: 1021823500 ns, Reaching safepoint: 4793800 ns, At safepoint: 302300 ns, Total: 5096100 ns
[2020-09-16T02:06:06.336+0000][1][safepoint    ] Safepoint "Cleanup", Time since last: 1003480100 ns, Reaching safepoint: 125800 ns, At safepoint: 5900 ns, Total: 131700 ns
[2020-09-16T02:06:06.727+0000][1][safepoint    ] Safepoint "Deoptimize", Time since last: 391249600 ns, Reaching safepoint: 22500 ns, At safepoint: 131700 ns, Total: 154200 ns
[2020-09-16T02:06:07.734+0000][1][safepoint    ] Safepoint "Cleanup", Time since last: 1006687100 ns, Reaching safepoint: 241000 ns, At safepoint: 28300 ns, Total: 269300 ns
[2020-09-16T02:06:08.744+0000][1][safepoint    ] Safepoint "Cleanup", Time since last: 1002970900 ns, Reaching safepoint: 6246800 ns, At safepoint: 9400 ns, Total: 6256200 ns
[2020-09-16T02:06:08.966+0000][1][safepoint    ] Safepoint "Deoptimize", Time since last: 216198900 ns, Reaching safepoint: 6726100 ns, At safepoint: 242800 ns, Total: 6968900 ns
[2020-09-16T02:06:08.991+0000][1][safepoint    ] Safepoint "Deoptimize", Time since last: 21136100 ns, Reaching safepoint: 1970400 ns, At safepoint: 585500 ns, Total: 2555900 ns
[2020-09-16T02:06:09.826+0000][1][safepoint    ] Safepoint "Deoptimize", Time since last: 822978100 ns, Reaching safepoint: 10584300 ns, At safepoint: 2103700 ns, Total: 12688000 ns
[2020-09-16T02:06:09.895+0000][1][safepoint    ] Safepoint "Deoptimize", Time since last: 60919700 ns, Reaching safepoint: 6440400 ns, At safepoint: 1635000 ns, Total: 8075400 ns
[2020-09-16T02:06:10.075+0000][1][safepoint    ] Safepoint "RevokeBias", Time since last: 153694700 ns, Reaching safepoint: 17896000 ns, At safepoint: 6909400 ns, Total: 24805400 ns
[2020-09-16T02:06:10.099+0000][1][safepoint    ] Safepoint "RevokeBias", Time since last: 25335900 ns, Reaching safepoint: 78000 ns, At safepoint: 20800 ns, Total: 98800 ns
[2020-09-16T02:06:10.103+0000][1][safepoint    ] Safepoint "RevokeBias", Time since last: 4032300 ns, Reaching safepoint: 226700 ns, At safepoint: 114900 ns, Total: 341600 ns
[2020-09-16T02:06:10.180+0000][1][safepoint    ] Safepoint "RevokeBias", Time since last: 68176900 ns, Reaching safepoint: 4827000 ns, At safepoint: 2971000 ns, Total: 7798000 ns
[2020-09-16T02:06:10.465+0000][1][safepoint    ] Safepoint "Deoptimize", Time since last: 280348100 ns, Reaching safepoint: 5387200 ns, At safepoint: 795200 ns, Total: 6182400 ns
[2020-09-16T02:06:11.501+0000][1][safepoint    ] Safepoint "Cleanup", Time since last: 1007626300 ns, Reaching safepoint: 27694200 ns, At safepoint: 10900 ns, Total: 27705100 ns
[2020-09-16T02:06:12.862+0000][1][safepoint    ] Safepoint "RevokeBias", Time since last: 1346845800 ns, Reaching safepoint: 12794400 ns, At safepoint: 65900 ns, Total: 12860300 ns
[2020-09-16T02:06:13.910+0000][1][safepoint    ] Safepoint "Cleanup", Time since last: 1022832700 ns, Reaching safepoint: 22026700 ns, At safepoint: 2285500 ns, Total: 24312200 ns
[2020-09-16T02:06:15.947+0000][1][safepoint    ] Safepoint "Cleanup", Time since last: 2023085100 ns, Reaching safepoint: 14967700 ns, At safepoint: 110900 ns, Total: 15078600 ns
[2020-09-16T02:06:16.993+0000][1][safepoint    ] Safepoint "Cleanup", Time since last: 1035652600 ns, Reaching safepoint: 11858700 ns, At safepoint: 55100 ns, Total: 11913800 ns
[2020-09-16T02:06:17.776+0000][1][safepoint    ] Safepoint "RevokeBias", Time since last: 782397700 ns, Reaching safepoint: 515400 ns, At safepoint: 36900 ns, Total: 552300 ns
[2020-09-16T02:06:17.792+0000][1][safepoint    ] Safepoint "RevokeBias", Time since last: 12117600 ns, Reaching safepoint: 3839800 ns, At safepoint: 35200 ns, Total: 3875000 ns
[2020-09-16T02:06:17.844+0000][1][safepoint    ] Safepoint "RevokeBias", Time since last: 43047300 ns, Reaching safepoint: 8128000 ns, At safepoint: 115700 ns, Total: 8243700 ns
[2020-09-16T02:06:17.847+0000][1][safepoint    ] Safepoint "RevokeBias", Time since last: 2757395 ns, Reaching safepoint: 325799 ns, At safepoint: 19800 ns, Total: 345599 ns
[2020-09-16T02:06:17.854+0000][1][safepoint    ] Safepoint "RevokeBias", Time since last: 7013487 ns, Reaching safepoint: 371800 ns, At safepoint: 21099 ns, Total: 392899 ns
[2020-09-16T02:06:17.870+0000][1][safepoint    ] Safepoint "RevokeBias", Time since last: 10866580 ns, Reaching safepoint: 5322990 ns, At safepoint: 28300 ns, Total: 5351290 ns
[2020-09-16T02:06:17.933+0000][1][safepoint    ] Safepoint "RevokeBias", Time since last: 53966200 ns, Reaching safepoint: 9120583 ns, At safepoint: 52600 ns, Total: 9173183 ns
[2020-09-16T02:06:17.941+0000][1][safepoint    ] Safepoint "RevokeBias", Time since last: 5954189 ns, Reaching safepoint: 1584997 ns, At safepoint: 22600 ns, Total: 1607597 ns
[2020-09-16T02:06:17.950+0000][1][safepoint    ] Safepoint "RevokeBias", Time since last: 4848491 ns, Reaching safepoint: 4407592 ns, At safepoint: 46699 ns, Total: 4454291 ns
[2020-09-16T02:06:17.956+0000][1][safepoint    ] Safepoint "RevokeBias", Time since last: 3822593 ns, Reaching safepoint: 1355898 ns, At safepoint: 68800 ns, Total: 1424698 ns
[2020-09-16T02:06:17.964+0000][1][safepoint    ] Safepoint "RevokeBias", Time since last: 7643985 ns, Reaching safepoint: 300000 ns, At safepoint: 88400 ns, Total: 388400 ns
[2020-09-16T02:06:17.968+0000][1][gc,heap,exit ] Heap
[2020-09-16T02:06:17.968+0000][1][gc,heap,exit ]  par new generation   total 153344K, used 93026K [0x00000000e0000000, 0x00000000ea660000, 0x00000000ea660000)
[2020-09-16T02:06:17.969+0000][1][gc,heap,exit ]   eden space 136320K,  68% used [0x00000000e0000000, 0x00000000e5ad8a50, 0x00000000e8520000)
[2020-09-16T02:06:17.969+0000][1][gc,heap,exit ]   from space 17024K,   0% used [0x00000000e8520000, 0x00000000e8520000, 0x00000000e95c0000)
[2020-09-16T02:06:17.969+0000][1][gc,heap,exit ]   to   space 17024K,   0% used [0x00000000e95c0000, 0x00000000e95c0000, 0x00000000ea660000)
[2020-09-16T02:06:17.970+0000][1][gc,heap,exit ]  concurrent mark-sweep generation total 353920K, used 0K [0x00000000ea660000, 0x0000000100000000, 0x0000000100000000)
[2020-09-16T02:06:17.970+0000][1][gc,heap,exit ]  Metaspace       used 13434K, capacity 13873K, committed 14208K, reserved 1060864K
[2020-09-16T02:06:17.971+0000][1][gc,heap,exit ]   class space    used 1603K, capacity 1808K, committed 1920K, reserved 1048576K
